[debug] [2023-02-14T22:55:46.059Z] ----------------------------------------------------------------------
[debug] [2023-02-14T22:55:46.061Z] Command:       /opt/homebrew/Cellar/node/19.5.0/bin/node /opt/homebrew/bin/firebase init
[debug] [2023-02-14T22:55:46.061Z] CLI Version:   11.22.0
[debug] [2023-02-14T22:55:46.062Z] Platform:      darwin
[debug] [2023-02-14T22:55:46.062Z] Node Version:  v19.5.0
[debug] [2023-02-14T22:55:46.062Z] Time:          Tue Feb 14 2023 17:55:46 GMT-0500 (Eastern Standard Time)
[debug] [2023-02-14T22:55:46.062Z] ----------------------------------------------------------------------
[debug] 
[debug] [2023-02-14T22:55:46.064Z] > command requires scopes: ["email","openid","https://www.googleapis.com/auth/cloudplatformprojects.readonly","https://www.googleapis.com/auth/firebase","https://www.googleapis.com/auth/cloud-platform"]
[debug] [2023-02-14T22:55:46.065Z] > authorizing via signed-in user (crmahaney9@gmail.com)
[info] 
     ######## #### ########  ######## ########     ###     ######  ########
     ##        ##  ##     ## ##       ##     ##  ##   ##  ##       ##
     ######    ##  ########  ######   ########  #########  ######  ######
     ##        ##  ##    ##  ##       ##     ## ##     ##       ## ##
     ##       #### ##     ## ######## ########  ##     ##  ######  ########

You're about to initialize a Firebase project in this directory:

  /Users/conormahaney/Desktop/React-apps/firebase-first

[info] 
=== Project Setup
[info] 
[info] First, let's associate this project directory with a Firebase project.
[info] You can create multiple project aliases by running firebase use --add, 
[info] but for now we'll just set up a default project.
[info] 
[debug] [2023-02-14T22:57:04.652Z] >>> [apiv2][query] GET https://firebase.googleapis.com/v1beta1/projects pageSize=100
[debug] [2023-02-14T22:57:05.142Z] <<< [apiv2][status] GET https://firebase.googleapis.com/v1beta1/projects 200
[debug] [2023-02-14T22:57:05.143Z] <<< [apiv2][body] GET https://firebase.googleapis.com/v1beta1/projects [omitted]
[info] i  Using project fir-course-1cdaa (firebase-course) 
[info] 
=== Hosting Setup
[info] 
[info] Your public directory is the folder (relative to your project directory) that
[info] will contain Hosting assets to be uploaded with firebase deploy. If you
[info] have a build process for your assets, use your build's output directory.
[info] 
[info] ✔  Wrote public/404.html 
[debug] [2023-02-14T22:59:01.799Z] >>> [apiv2][query] GET https://www.gstatic.com/firebasejs/releases.json [none]
[debug] [2023-02-14T22:59:02.002Z] <<< [apiv2][status] GET https://www.gstatic.com/firebasejs/releases.json 200
[debug] [2023-02-14T22:59:02.003Z] <<< [apiv2][body] GET https://www.gstatic.com/firebasejs/releases.json {"current":{"version":"9.17.1","browserURL":"https://www.gstatic.com/firebasejs/9.17.1/firebase.js","packageURL":"https://www.gstatic.com/firebasejs/9.17.1/firebase.tgz"},"live":{"version":"9.17","browserURL":"https://www.gstatic.com/firebasejs/live/9.17/firebase.js","packageURL":"https://www.gstatic.com/firebasejs/live/9.17/firebase.tgz"},"components":{"analytics":"https://www.gstatic.com/firebasejs/9.17.1/firebase-analytics.js","app":"https://www.gstatic.com/firebasejs/9.17.1/firebase-app.js","app-check":"https://www.gstatic.com/firebasejs/9.17.1/firebase-app-check.js","auth":"https://www.gstatic.com/firebasejs/9.17.1/firebase-auth.js","auth/cordova":"https://www.gstatic.com/firebasejs/9.17.1/firebase-auth/cordova.js","auth/react-native":"https://www.gstatic.com/firebasejs/9.17.1/firebase-auth/react-native.js","functions":"https://www.gstatic.com/firebasejs/9.17.1/firebase-functions.js","firestore":"https://www.gstatic.com/firebasejs/9.17.1/firebase-firestore.js","firestore/lite":"https://www.gstatic.com/firebasejs/9.17.1/firebase-firestore/lite.js","installations":"https://www.gstatic.com/firebasejs/9.17.1/firebase-installations.js","storage":"https://www.gstatic.com/firebasejs/9.17.1/firebase-storage.js","performance":"https://www.gstatic.com/firebasejs/9.17.1/firebase-performance.js","remote-config":"https://www.gstatic.com/firebasejs/9.17.1/firebase-remote-config.js","messaging":"https://www.gstatic.com/firebasejs/9.17.1/firebase-messaging.js","messaging/sw":"https://www.gstatic.com/firebasejs/9.17.1/firebase-messaging/sw.js","database":"https://www.gstatic.com/firebasejs/9.17.1/firebase-database.js","firestore.memory":"https://www.gstatic.com/firebasejs/9.17.1/firebase-firestore.memory.js"}}
[info] i  Skipping write of public/index.html 
[info] 
[info] i  Detected a .git folder at /Users/conormahaney/Desktop/React-apps/firebase-first 
[info] i  Authorizing with GitHub to upload your service account to a GitHub repository's secrets store. 
[info] 
[info] Visit this URL on this device to log in:
[info] https://github.com/login/oauth/authorize?client_id=89cf50f02ac6aaed3484&state=987888170&redirect_uri=http%3A%2F%2Flocalhost%3A9005&scope=read%3Auser%20repo%20public_repo
[info] 
[info] Waiting for authentication...
[debug] [2023-02-14T22:59:28.066Z] >>> [apiv2][query] POST https://github.com/login/oauth/access_token [none]
[debug] [2023-02-14T22:59:28.068Z] >>> [apiv2][body] POST https://github.com/login/oauth/access_token [stream]
[debug] [2023-02-14T22:59:28.316Z] <<< [apiv2][status] POST https://github.com/login/oauth/access_token 200
[debug] [2023-02-14T22:59:28.317Z] <<< [apiv2][body] POST https://github.com/login/oauth/access_token {"access_token":"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","token_type":"bearer","scope":"read:user,repo"}
[debug] [2023-02-14T22:59:28.327Z] >>> [apiv2][query] GET https://api.github.com/user [none]
[debug] [2023-02-14T22:59:28.613Z] <<< [apiv2][status] GET https://api.github.com/user 200
[debug] [2023-02-14T22:59:28.613Z] <<< [apiv2][body] GET https://api.github.com/user {"login":"Durph09","id":105114600,"node_id":"U_kgDOBkPr6A","avatar_url":"https://avatars.githubusercontent.com/u/105114600?v=4","gravatar_id":"","url":"https://api.github.com/users/Durph09","html_url":"https://github.com/Durph09","followers_url":"https://api.github.com/users/Durph09/followers","following_url":"https://api.github.com/users/Durph09/following{/other_user}","gists_url":"https://api.github.com/users/Durph09/gists{/gist_id}","starred_url":"https://api.github.com/users/Durph09/starred{/owner}{/repo}","subscriptions_url":"https://api.github.com/users/Durph09/subscriptions","organizations_url":"https://api.github.com/users/Durph09/orgs","repos_url":"https://api.github.com/users/Durph09/repos","events_url":"https://api.github.com/users/Durph09/events{/privacy}","received_events_url":"https://api.github.com/users/Durph09/received_events","type":"User","site_admin":false,"name":null,"company":null,"blog":"","location":null,"email":null,"hireable":null,"bio":null,"twitter_username":null,"public_repos":5,"public_gists":0,"followers":0,"following":0,"created_at":"2022-05-07T13:28:49Z","updated_at":"2022-12-27T23:20:09Z","private_gists":0,"total_private_repos":4,"owned_private_repos":4,"disk_usage":69979,"collaborators":0,"two_factor_authentication":false,"plan":{"name":"free","space":976562499,"collaborators":0,"private_repos":10000}}
[info] 
[info] ✔  Success! Logged into GitHub as Durph09 
[info] 
